

Version:	3.14
CmdLine:	C:\Users\Salgado\Documents\is601-dbii\Airline.exe --l4j-debug
WOW64:		yes
Working dir:	C:\Users\Salgado\Documents\is601-dbii\.
Java min ver:	1.008.000
Java max ver:	
64-bit search:	SOFTWARE\JavaSoft\Java Runtime Environment...
32-bit search:	SOFTWARE\JavaSoft\Java Runtime Environment...
64-bit search:	SOFTWARE\JavaSoft\Java Development Kit...
32-bit search:	SOFTWARE\JavaSoft\Java Development Kit...
64-bit search:	SOFTWARE\JavaSoft\JRE...
32-bit search:	SOFTWARE\JavaSoft\JRE...
64-bit search:	SOFTWARE\JavaSoft\JDK...
Check:		SOFTWARE\JavaSoft\JDK\15.0.2
Check launcher:	C:\Program Files\Java\jdk-15.0.2\bin\javaw.exe (OK)
Match:		1.015.000_002
Runtime used:	1.015.000_002 (64-bit)
Launcher:	C:\Program Files\Java\jdk-15.0.2\bin\javaw.exe
Launcher args:	-jar "C:\Users\Salgado\Documents\is601-dbii\Airline.exe"
Args length:	56/32768 chars
Exit code:	0


Version:	3.14
CmdLine:	C:\Users\Salgado\Documents\is601-dbii\Airline.exe --l4j-debug
WOW64:		yes
Working dir:	C:\Users\Salgado\Documents\is601-dbii\.
Java min ver:	1.008.000
Java max ver:	
64-bit search:	SOFTWARE\JavaSoft\Java Runtime Environment...
32-bit search:	SOFTWARE\JavaSoft\Java Runtime Environment...
64-bit search:	SOFTWARE\JavaSoft\Java Development Kit...
32-bit search:	SOFTWARE\JavaSoft\Java Development Kit...
64-bit search:	SOFTWARE\JavaSoft\JRE...
32-bit search:	SOFTWARE\JavaSoft\JRE...
64-bit search:	SOFTWARE\JavaSoft\JDK...
Check:		SOFTWARE\JavaSoft\JDK\15.0.2
Check launcher:	C:\Program Files\Java\jdk-15.0.2\bin\javaw.exe (OK)
Match:		1.015.000_002
Runtime used:	1.015.000_002 (64-bit)
Launcher:	C:\Program Files\Java\jdk-15.0.2\bin\javaw.exe
Launcher args:	-jar "C:\Users\Salgado\Documents\is601-dbii\Airline.exe"
Args length:	56/32768 chars
Exit code:	0
